Using pre-set license
Built from '2021.3/staging' branch; Version is '2021.3.8f1 (b30333d56e81) revision 11731763'; Using compiler version '192829333'; Build Type 'Release'
OS: 'Windows 10  (10.0.19045) 64bit Professional' Language: 'en' Physical Memory: 32651 MB
BatchMode: 1, IsHumanControllingUs: 0, StartBugReporterOnCrash: 0, Is64bit: 1, IsPro: 1

COMMAND LINE ARGUMENTS:
C:\Program Files\Unity\Hub\Editor\2021.3.8f1\Editor\Unity.exe
-adb2
-batchMode
-noUpm
-name
AssetImportWorker0
-projectPath
D:/UnityProjects Laptop/ComputerArchitectureAR
-logFile
Logs/AssetImportWorker0.log
-srvPort
52523
Successfully changed project path to: D:/UnityProjects Laptop/ComputerArchitectureAR
D:/UnityProjects Laptop/ComputerArchitectureAR
[UnityMemory] Configuration Parameters - Can be set up in boot.config
    "memorysetup-bucket-allocator-granularity=16"
    "memorysetup-bucket-allocator-bucket-count=8"
    "memorysetup-bucket-allocator-block-size=33554432"
    "memorysetup-bucket-allocator-block-count=8"
    "memorysetup-main-allocator-block-size=16777216"
    "memorysetup-thread-allocator-block-size=16777216"
    "memorysetup-gfx-main-allocator-block-size=16777216"
    "memorysetup-gfx-thread-allocator-block-size=16777216"
    "memorysetup-cache-allocator-block-size=4194304"
    "memorysetup-typetree-allocator-block-size=2097152"
    "memorysetup-profiler-bucket-allocator-granularity=16"
    "memorysetup-profiler-bucket-allocator-bucket-count=8"
    "memorysetup-profiler-bucket-allocator-block-size=33554432"
    "memorysetup-profiler-bucket-allocator-block-count=8"
    "memorysetup-profiler-allocator-block-size=16777216"
    "memorysetup-profiler-editor-allocator-block-size=1048576"
    "memorysetup-temp-allocator-size-main=16777216"
    "memorysetup-job-temp-allocator-block-size=2097152"
    "memorysetup-job-temp-allocator-block-size-background=1048576"
    "memorysetup-job-temp-allocator-reduction-small-platforms=262144"
    "memorysetup-temp-allocator-size-background-worker=32768"
    "memorysetup-temp-allocator-size-job-worker=262144"
    "memorysetup-temp-allocator-size-preload-manager=33554432"
    "memorysetup-temp-allocator-size-nav-mesh-worker=65536"
    "memorysetup-temp-allocator-size-audio-worker=65536"
    "memorysetup-temp-allocator-size-cloud-worker=32768"
    "memorysetup-temp-allocator-size-gi-baking-worker=262144"
    "memorysetup-temp-allocator-size-gfx=262144"
Refreshing native plugins compatible for Editor in 251.33 ms, found 6 plugins.
Preloading 2 native plugins for Editor in 4.18 ms.
Initialize engine version: 2021.3.8f1 (b30333d56e81)
[Subsystems] Discovering subsystems at path C:/Program Files/Unity/Hub/Editor/2021.3.8f1/Editor/Data/Resources/UnitySubsystems
[Subsystems] Discovering subsystems at path D:/UnityProjects Laptop/ComputerArchitectureAR/Assets
GfxDevice: creating device client; threaded=0; jobified=0
Direct3D:
    Version:  Direct3D 11.0 [level 11.1]
    Renderer: NVIDIA GeForce GTX 1050 (ID=0x1c8d)
    Vendor:   NVIDIA
    VRAM:     4004 MB
    Driver:   31.0.15.5222
Initialize mono
Mono path[0] = 'C:/Program Files/Unity/Hub/Editor/2021.3.8f1/Editor/Data/Managed'
Mono path[1] = 'C:/Program Files/Unity/Hub/Editor/2021.3.8f1/Editor/Data/MonoBleedingEdge/lib/mono/unityjit-win32'
Mono config path = 'C:/Program Files/Unity/Hub/Editor/2021.3.8f1/Editor/Data/MonoBleedingEdge/etc'
Using monoOptions --debugger-agent=transport=dt_socket,embedding=1,server=y,suspend=n,address=127.0.0.1:56404
Begin MonoManager ReloadAssembly
Registering precompiled unity dll's ...
Register platform support module: C:/Program Files/Unity/Hub/Editor/2021.3.8f1/Editor/Data/PlaybackEngines/AndroidPlayer/UnityEditor.Android.Extensions.dll
Register platform support module: C:/Program Files/Unity/Hub/Editor/2021.3.8f1/Editor/Data/PlaybackEngines/WindowsStandaloneSupport/UnityEditor.WindowsStandalone.Extensions.dll
Registered in 0.012206 seconds.
Native extension for WindowsStandalone target not found
Native extension for Android target not found
Refreshing native plugins compatible for Editor in 146.40 ms, found 6 plugins.
Preloading 2 native plugins for Editor in 0.15 ms.
Mono: successfully reloaded assembly
- Completed reload, in  1.110 seconds
Domain Reload Profiling:
	ReloadAssembly (1110ms)
		BeginReloadAssembly (114ms)
			ExecutionOrderSort (0ms)
			DisableScriptedObjects (0ms)
			BackupInstance (0ms)
			ReleaseScriptingObjects (0ms)
			CreateAndSetChildDomain (1ms)
		EndReloadAssembly (800ms)
			LoadAssemblies (111ms)
			RebuildTransferFunctionScriptingTraits (0ms)
			SetupTypeCache (182ms)
			ReleaseScriptCaches (0ms)
			RebuildScriptCaches (46ms)
			SetupLoadedEditorAssemblies (491ms)
				LogAssemblyErrors (0ms)
				InitializePlatformSupportModulesInManaged (111ms)
				SetLoadedEditorAssemblies (0ms)
				RefreshPlugins (147ms)
				BeforeProcessingInitializeOnLoad (2ms)
				ProcessInitializeOnLoadAttributes (158ms)
				ProcessInitializeOnLoadMethodAttributes (73ms)
				AfterProcessingInitializeOnLoad (0ms)
				EditorAssembliesLoaded (0ms)
			ExecutionOrderSort2 (0ms)
			AwakeInstancesAfterBackupRestoration (0ms)
Platform modules already initialized, skipping
Registering precompiled user dll's ...
Registered in 0.011010 seconds.
Begin MonoManager ReloadAssembly
Symbol file LoadedFromMemory doesn't match image D:\UnityProjects Laptop\ComputerArchitectureAR\Library\PackageCache\com.unity.visualscripting@1.7.8\Editor\VisualScripting.Core\Dependencies\YamlDotNet\Unity.VisualScripting.YamlDotNet.dll
Symbol file LoadedFromMemory doesn't match image D:\UnityProjects Laptop\ComputerArchitectureAR\Library\PackageCache\com.unity.visualscripting@1.7.8\Editor\VisualScripting.Core\Dependencies\DotNetZip\Unity.VisualScripting.IonicZip.dll
Native extension for WindowsStandalone target not found
Native extension for Android target not found
Refreshing native plugins compatible for Editor in 1.90 ms, found 6 plugins.
Preloading 2 native plugins for Editor in 0.19 ms.
Package Manager log level set to [2]
Mono: successfully reloaded assembly
- Completed reload, in  1.862 seconds
Domain Reload Profiling:
	ReloadAssembly (1863ms)
		BeginReloadAssembly (297ms)
			ExecutionOrderSort (0ms)
			DisableScriptedObjects (13ms)
			BackupInstance (0ms)
			ReleaseScriptingObjects (0ms)
			CreateAndSetChildDomain (145ms)
		EndReloadAssembly (1402ms)
			LoadAssemblies (131ms)
			RebuildTransferFunctionScriptingTraits (0ms)
			SetupTypeCache (431ms)
			ReleaseScriptCaches (1ms)
			RebuildScriptCaches (97ms)
			SetupLoadedEditorAssemblies (677ms)
				LogAssemblyErrors (0ms)
				InitializePlatformSupportModulesInManaged (36ms)
				SetLoadedEditorAssemblies (1ms)
				RefreshPlugins (2ms)
				BeforeProcessingInitializeOnLoad (143ms)
				ProcessInitializeOnLoadAttributes (433ms)
				ProcessInitializeOnLoadMethodAttributes (47ms)
				AfterProcessingInitializeOnLoad (14ms)
				EditorAssembliesLoaded (0ms)
			ExecutionOrderSort2 (0ms)
			AwakeInstancesAfterBackupRestoration (9ms)
Platform modules already initialized, skipping
========================================================================
Worker process is ready to serve import requests
Launched and connected shader compiler UnityShaderCompiler.exe after 0.07 seconds
Refreshing native plugins compatible for Editor in 1.23 ms, found 6 plugins.
Preloading 2 native plugins for Editor in 0.13 ms.
Unloading 3727 Unused Serialized files (Serialized files now loaded: 0)
Unloading 49 unused Assets / (158.4 KB). Loaded Objects now: 4486.
Memory consumption went from 137.3 MB to 137.1 MB.
Total: 5.371100 ms (FindLiveObjects: 0.412500 ms CreateObjectMapping: 0.751000 ms MarkObjects: 4.053400 ms  DeleteObjects: 0.152800 ms)

AssetImportParameters requested are different than current active one (requested -> active):
  custom:video-decoder-ogg-theora: a1e56fd34408186e4bbccfd4996cb3dc -> 
  custom:container-muxer-webm: aa71ff27fc2769a1b78a27578f13a17b -> 
  custom:container-demuxer-webm: 4f35f7cbe854078d1ac9338744f61a02 -> 
  custom:video-encoder-webm-vp8: eb34c28f22e8b96e1ab97ce403110664 -> 
  custom:audio-encoder-webm-vorbis: bf7c407c2cedff20999df2af8eb42d56 -> 
  custom:framework-win-MediaFoundation: 216162199b28c13a410421893ffa2e32 -> 
  custom:container-demuxer-ogg: 62fdf1f143b41e24485cea50d1cbac27 -> 
  custom:video-decoder-webm-vp8: 9c59270c3fd7afecdb556c50c9e8de78 -> 
  custom:audio-decoder-ogg-vorbis: bf7c407c2cedff20999df2af8eb42d56 -> 
========================================================================
Received Import Request.
  Time since last request: 524562.272014 seconds.
  path: Assets/Scenes/3dScene.unity
  artifactKey: Guid(b4e0841a0d38cd44e89c0b5437723d00) Importer(815301076,1909f56bfc062723c751e8b465ee728b)
Start importing Assets/Scenes/3dScene.unity using Guid(b4e0841a0d38cd44e89c0b5437723d00) Importer(815301076,1909f56bfc062723c751e8b465ee728b)  -> (artifact id: '76fabe350ad1da6feb424cdb436cbb08') in 0.008407 seconds 
========================================================================
Received Import Request.
  Time since last request: 10.895426 seconds.
  path: Assets/SamplesResources/InstantImageTarget
  artifactKey: Guid(152592e5a625dfa44aa96684bdea64f6) Importer(815301076,1909f56bfc062723c751e8b465ee728b)
Start importing Assets/SamplesResources/InstantImageTarget using Guid(152592e5a625dfa44aa96684bdea64f6) Importer(815301076,1909f56bfc062723c751e8b465ee728b)  -> (artifact id: '59721626c2c8528708c13f99a057a85c') in 0.002833 seconds 
========================================================================
Received Import Request.
  Time since last request: 0.080675 seconds.
  path: Assets/SamplesResources/InstantImageTarget/Astronaut.jpg
  artifactKey: Guid(f0d9bcb0daf31468385cd551f205df5a) Importer(815301076,1909f56bfc062723c751e8b465ee728b)
Start importing Assets/SamplesResources/InstantImageTarget/Astronaut.jpg using Guid(f0d9bcb0daf31468385cd551f205df5a) Importer(815301076,1909f56bfc062723c751e8b465ee728b)  -> (artifact id: '8964c7469a6c605b0277ab90f66c094a') in 0.208275 seconds 
========================================================================
Received Import Request.
  Time since last request: 3380.220682 seconds.
  path: Assets/ProjectAssets/unityModels/Graphics Card[1].fbx
  artifactKey: Guid(87d60ecca1a97bb4eab05e66a6c764a5) Importer(815301076,1909f56bfc062723c751e8b465ee728b)
Start importing Assets/ProjectAssets/unityModels/Graphics Card[1].fbx using Guid(87d60ecca1a97bb4eab05e66a6c764a5) Importer(815301076,1909f56bfc062723c751e8b465ee728b)  -> (artifact id: 'a4cf4806847a6bf20287d8241f606f3f') in 0.876502 seconds 
========================================================================
Received Import Request.
  Time since last request: 0.000028 seconds.
  path: Assets/ProjectAssets/unityModels/powerSupply/Corsair SF 600 - Obj.obj
  artifactKey: Guid(f9b0130a72ac002408c49de3b1263987) Importer(815301076,1909f56bfc062723c751e8b465ee728b)
Start importing Assets/ProjectAssets/unityModels/powerSupply/Corsair SF 600 - Obj.obj using Guid(f9b0130a72ac002408c49de3b1263987) Importer(815301076,1909f56bfc062723c751e8b465ee728b)  -> (artifact id: '2cb0631761f0645aaf2421fe72e44891') in 0.351220 seconds 
========================================================================
Received Import Request.
  Time since last request: 0.000033 seconds.
  path: Assets/ProjectAssets/Dataset/ultra-m2-nvme-ssd-flash-drive-mounted-on-a-mainboardmotherboard-2A1Y08K.jpg
  artifactKey: Guid(fbe5d55ea1b41794690fa63e031a3d0e) Importer(815301076,1909f56bfc062723c751e8b465ee728b)
Start importing Assets/ProjectAssets/Dataset/ultra-m2-nvme-ssd-flash-drive-mounted-on-a-mainboardmotherboard-2A1Y08K.jpg using Guid(fbe5d55ea1b41794690fa63e031a3d0e) Importer(815301076,1909f56bfc062723c751e8b465ee728b)  -> (artifact id: 'd003b946792fa4d0a1fb970c2a07187f') in 0.012150 seconds 
========================================================================
Received Import Request.
  Time since last request: 0.000022 seconds.
  path: Assets/ProjectAssets/Dataset/the-hand-holding-the-computers-mainboard-and-m2-solid-state-drive-ssd-2HBD6BR.jpg
  artifactKey: Guid(935fc5b6ba0c5a049872fbb78da4eec4) Importer(815301076,1909f56bfc062723c751e8b465ee728b)
Start importing Assets/ProjectAssets/Dataset/the-hand-holding-the-computers-mainboard-and-m2-solid-state-drive-ssd-2HBD6BR.jpg using Guid(935fc5b6ba0c5a049872fbb78da4eec4) Importer(815301076,1909f56bfc062723c751e8b465ee728b)  -> (artifact id: '4898db5ee91fa9271f536588850451b1') in 0.026038 seconds 
========================================================================
Received Import Request.
  Time since last request: 0.000023 seconds.
  path: Assets/ProjectAssets/unityModels/main_material.mat
  artifactKey: Guid(7ab20c52ea1a0c846a28416f10a61a20) Importer(815301076,1909f56bfc062723c751e8b465ee728b)
Start importing Assets/ProjectAssets/unityModels/main_material.mat using Guid(7ab20c52ea1a0c846a28416f10a61a20) Importer(815301076,1909f56bfc062723c751e8b465ee728b)  -> (artifact id: 'eb4d44d46e4e64c30cc4379023d10c52') in 0.054819 seconds 
========================================================================
Received Import Request.
  Time since last request: 1.725668 seconds.
  path: Assets/Scenes/MainMenu.unity
  artifactKey: Guid(66b8577f36ee97a4f960a710e769ab8d) Importer(815301076,1909f56bfc062723c751e8b465ee728b)
Start importing Assets/Scenes/MainMenu.unity using Guid(66b8577f36ee97a4f960a710e769ab8d) Importer(815301076,1909f56bfc062723c751e8b465ee728b)  -> (artifact id: '6796e5767767ad697e672b9a0d8f47ff') in 0.001671 seconds 
========================================================================
Received Import Request.
  Time since last request: 2.145888 seconds.
  path: Assets/SamplesResources/Scenes/0-Main.unity
  artifactKey: Guid(a09cb257d566c489595b16ab37547666) Importer(815301076,1909f56bfc062723c751e8b465ee728b)
Start importing Assets/SamplesResources/Scenes/0-Main.unity using Guid(a09cb257d566c489595b16ab37547666) Importer(815301076,1909f56bfc062723c751e8b465ee728b)  -> (artifact id: '80a258e90f4c17625a88a378314ba28e') in 0.001409 seconds 
========================================================================
Received Prepare
Registering precompiled user dll's ...
Registered in 0.016591 seconds.
Begin MonoManager ReloadAssembly
Symbol file LoadedFromMemory doesn't match image D:\UnityProjects Laptop\ComputerArchitectureAR\Library\PackageCache\com.unity.visualscripting@1.7.8\Editor\VisualScripting.Core\Dependencies\YamlDotNet\Unity.VisualScripting.YamlDotNet.dll
Symbol file LoadedFromMemory doesn't match image D:\UnityProjects Laptop\ComputerArchitectureAR\Library\PackageCache\com.unity.visualscripting@1.7.8\Editor\VisualScripting.Core\Dependencies\DotNetZip\Unity.VisualScripting.IonicZip.dll
Native extension for WindowsStandalone target not found
Native extension for Android target not found
Refreshing native plugins compatible for Editor in 1.55 ms, found 6 plugins.
Preloading 2 native plugins for Editor in 0.10 ms.
Mono: successfully reloaded assembly
- Completed reload, in  2.504 seconds
Domain Reload Profiling:
	ReloadAssembly (2504ms)
		BeginReloadAssembly (304ms)
			ExecutionOrderSort (0ms)
			DisableScriptedObjects (10ms)
			BackupInstance (0ms)
			ReleaseScriptingObjects (0ms)
			CreateAndSetChildDomain (100ms)
		EndReloadAssembly (1953ms)
			LoadAssemblies (207ms)
			RebuildTransferFunctionScriptingTraits (0ms)
			SetupTypeCache (575ms)
			ReleaseScriptCaches (2ms)
			RebuildScriptCaches (106ms)
			SetupLoadedEditorAssemblies (944ms)
				LogAssemblyErrors (0ms)
				InitializePlatformSupportModulesInManaged (76ms)
				SetLoadedEditorAssemblies (1ms)
				RefreshPlugins (2ms)
				BeforeProcessingInitializeOnLoad (161ms)
				ProcessInitializeOnLoadAttributes (601ms)
				ProcessInitializeOnLoadMethodAttributes (88ms)
				AfterProcessingInitializeOnLoad (15ms)
				EditorAssembliesLoaded (0ms)
			ExecutionOrderSort2 (0ms)
			AwakeInstancesAfterBackupRestoration (27ms)
Platform modules already initialized, skipping
Refreshing native plugins compatible for Editor in 5.43 ms, found 6 plugins.
Preloading 2 native plugins for Editor in 0.07 ms.
Unloading 3662 Unused Serialized files (Serialized files now loaded: 0)
Unloading 41 unused Assets / (126.1 KB). Loaded Objects now: 4537.
Memory consumption went from 137.1 MB to 137.0 MB.
Total: 7.103500 ms (FindLiveObjects: 0.455800 ms CreateObjectMapping: 0.322100 ms MarkObjects: 6.199700 ms  DeleteObjects: 0.124600 ms)

AssetImportParameters requested are different than current active one (requested -> active):
  custom:video-decoder-ogg-theora: a1e56fd34408186e4bbccfd4996cb3dc -> 
  custom:container-muxer-webm: aa71ff27fc2769a1b78a27578f13a17b -> 
  custom:container-demuxer-webm: 4f35f7cbe854078d1ac9338744f61a02 -> 
  custom:video-encoder-webm-vp8: eb34c28f22e8b96e1ab97ce403110664 -> 
  custom:audio-encoder-webm-vorbis: bf7c407c2cedff20999df2af8eb42d56 -> 
  custom:framework-win-MediaFoundation: 216162199b28c13a410421893ffa2e32 -> 
  custom:container-demuxer-ogg: 62fdf1f143b41e24485cea50d1cbac27 -> 
  custom:video-decoder-webm-vp8: 9c59270c3fd7afecdb556c50c9e8de78 -> 
  custom:audio-decoder-ogg-vorbis: bf7c407c2cedff20999df2af8eb42d56 -> 
